<?xml version="1.0" encoding="UTF-8"?>
<testng-results ignored="0" total="2" passed="2" failed="0" skipped="0">
  <reporter-output>
  </reporter-output>
  <suite started-at="2021-09-10T15:40:40 IST" name="Automation Testing_I2E Practical TestSuit" finished-at="2021-09-10T15:41:31 IST" duration-ms="50909">
    <groups>
      <group name="Functional">
        <method signature="OrderItemTest.SC01_TC01_OrderItem()[pri:0, instance:com.selenium.test.OrderItemTest@a3d8174]" name="SC01_TC01_OrderItem" class="com.selenium.test.OrderItemTest"/>
        <method signature="SearchToursTest.SC02_TC01_SearchTours(java.lang.String)[pri:0, instance:com.selenium.test.SearchToursTest@4d02f94e]" name="SC02_TC01_SearchTours" class="com.selenium.test.SearchToursTest"/>
      </group> <!-- Functional -->
    </groups>
    <test started-at="2021-09-10T15:40:40 IST" name="Automation Tests" finished-at="2021-09-10T15:41:31 IST" duration-ms="50909">
      <class name="com.selenium.test.OrderItemTest">
        <test-method is-config="true" signature="setBrowser()[pri:0, instance:com.selenium.test.OrderItemTest@a3d8174]" started-at="2021-09-10T15:40:40 IST" name="setBrowser" finished-at="2021-09-10T15:40:49 IST" duration-ms="8977" status="PASS">
          <reporter-output>
          </reporter-output>
        </test-method> <!-- setBrowser -->
        <test-method signature="SC01_TC01_OrderItem()[pri:0, instance:com.selenium.test.OrderItemTest@a3d8174]" started-at="2021-09-10T15:40:49 IST" name="SC01_TC01_OrderItem" finished-at="2021-09-10T15:40:57 IST" duration-ms="8115" status="PASS">
          <reporter-output>
          </reporter-output>
        </test-method> <!-- SC01_TC01_OrderItem -->
        <test-method is-config="true" signature="afterTest()[pri:0, instance:com.selenium.test.OrderItemTest@a3d8174]" started-at="2021-09-10T15:40:57 IST" name="afterTest" finished-at="2021-09-10T15:40:57 IST" duration-ms="237" status="PASS">
          <reporter-output>
          </reporter-output>
        </test-method> <!-- afterTest -->
      </class> <!-- com.selenium.test.OrderItemTest -->
      <class name="com.selenium.test.SearchToursTest">
        <test-method is-config="true" signature="setUpBrowser()[pri:0, instance:com.selenium.test.SearchToursTest@4d02f94e]" started-at="2021-09-10T15:40:57 IST" name="setUpBrowser" finished-at="2021-09-10T15:41:11 IST" duration-ms="14374" status="PASS">
          <reporter-output>
          </reporter-output>
        </test-method> <!-- setUpBrowser -->
        <test-method signature="SC02_TC01_SearchTours(java.lang.String)[pri:0, instance:com.selenium.test.SearchToursTest@4d02f94e]" started-at="2021-09-10T15:41:11 IST" name="SC02_TC01_SearchTours" finished-at="2021-09-10T15:41:28 IST" duration-ms="16970" status="PASS">
          <params>
            <param index="0">
              <value>
                <![CDATA[New]]>
              </value>
            </param>
          </params>
          <reporter-output>
          </reporter-output>
        </test-method> <!-- SC02_TC01_SearchTours -->
        <test-method is-config="true" signature="closeBrowser()[pri:0, instance:com.selenium.test.SearchToursTest@4d02f94e]" started-at="2021-09-10T15:41:28 IST" name="closeBrowser" finished-at="2021-09-10T15:41:31 IST" duration-ms="2193" status="PASS">
          <reporter-output>
          </reporter-output>
        </test-method> <!-- closeBrowser -->
      </class> <!-- com.selenium.test.SearchToursTest -->
    </test> <!-- Automation Tests -->
  </suite> <!-- Automation Testing_I2E Practical TestSuit -->
</testng-results>
