<?xml version="1.0" encoding="UTF-8"?>
<testsuite xmlns:xsi="http://www.w3.org/2001/XMLSchema-instance" xsi:noNamespaceSchemaLocation="https://maven.apache.org/surefire/maven-surefire-plugin/xsd/surefire-test-report.xsd" name="TestSuite" time="51.447" tests="2" errors="0" skipped="0" failures="0">
  <properties>
[...]
</properties>
  <testcase name="SC01_TC01_OrderItem" classname="com.selenium.test.OrderItemTest" time="8.116"/>
  <testcase name="SC02_TC01_SearchTours" classname="com.selenium.test.SearchToursTest" time="16.973"/>
</testsuite>