<?xml version="1.0" encoding="UTF-8"?>
<!-- Generated by org.testng.reporters.JUnitXMLReporter -->
<testsuite ignored="1" hostname="DSK-920" failures="0" tests="2" name="Testing" time="11.319" errors="0" timestamp="2021-08-19T12:23:10 IST">
  <testcase classname="com.selenium.test.OrderItemTest" name="TC001_LoginPage" time="4.74"/>
  <testcase classname="com.selenium.test.OrderItemTest" name="TC002_OrderItem" time="6.538"/>
  <testcase classname="com.selenium.test.SearchToursTest" name="TC001_SearchTours" time="0.0">
    <ignored/>
  </testcase> <!-- TC001_SearchTours -->
</testsuite> <!-- Testing -->
